<?xml version="1.0" encoding="UTF-8"?>
<testsuite xmlns:xsi="http://www.w3.org/2001/XMLSchema-instance" xsi:noNamespaceSchemaLocation="https://maven.apache.org/surefire/maven-surefire-plugin/xsd/surefire-test-report.xsd" name="com.price.usrreport.AppTest" time="0.017" tests="1" errors="0" skipped="0" failures="0">
  <properties>
    <property name="java.specification.version" value="21"/>
    <property name="sun.jnu.encoding" value="UTF-8"/>
    <property name="java.class.path" value="/home/tim-price/repos/usr-report/target/test-classes:/home/tim-price/repos/usr-report/target/classes:/home/tim-price/.m2/repository/junit/junit/4.11/junit-4.11.jar:/home/tim-price/.m2/repository/org/hamcrest/hamcrest-core/1.3/hamcrest-core-1.3.jar:/home/tim-price/.m2/repository/io/papermc/paper/paper-api/1.21.6-R0.1-SNAPSHOT/paper-api-1.21.6-R0.1-SNAPSHOT.jar:/home/tim-price/.m2/repository/com/google/guava/guava/33.3.1-jre/guava-33.3.1-jre.jar:/home/tim-price/.m2/repository/com/google/guava/failureaccess/1.0.2/failureaccess-1.0.2.jar:/home/tim-price/.m2/repository/com/google/guava/listenablefuture/9999.0-empty-to-avoid-conflict-with-guava/listenablefuture-9999.0-empty-to-avoid-conflict-with-guava.jar:/home/tim-price/.m2/repository/com/google/code/findbugs/jsr305/3.0.2/jsr305-3.0.2.jar:/home/tim-price/.m2/repository/com/google/errorprone/error_prone_annotations/2.28.0/error_prone_annotations-2.28.0.jar:/home/tim-price/.m2/repository/com/google/j2objc/j2objc-annotations/3.0.0/j2objc-annotations-3.0.0.jar:/home/tim-price/.m2/repository/com/google/code/gson/gson/2.11.0/gson-2.11.0.jar:/home/tim-price/.m2/repository/org/yaml/snakeyaml/2.2/snakeyaml-2.2.jar:/home/tim-price/.m2/repository/org/joml/joml/1.10.8/joml-1.10.8.jar:/home/tim-price/.m2/repository/it/unimi/dsi/fastutil/8.5.15/fastutil-8.5.15.jar:/home/tim-price/.m2/repository/org/apache/logging/log4j/log4j-api/2.24.1/log4j-api-2.24.1.jar:/home/tim-price/.m2/repository/org/slf4j/slf4j-api/2.0.16/slf4j-api-2.0.16.jar:/home/tim-price/.m2/repository/com/mojang/brigadier/1.3.10/brigadier-1.3.10.jar:/home/tim-price/.m2/repository/net/md-5/bungeecord-chat/1.21-R0.2-deprecated+build.21/bungeecord-chat-1.21-R0.2-deprecated+build.21.jar:/home/tim-price/.m2/repository/org/apache/maven/maven-resolver-provider/3.9.6/maven-resolver-provider-3.9.6.jar:/home/tim-price/.m2/repository/org/apache/maven/maven-model/3.9.6/maven-model-3.9.6.jar:/home/tim-price/.m2/repository/org/apache/maven/maven-model-builder/3.9.6/maven-model-builder-3.9.6.jar:/home/tim-price/.m2/repository/org/codehaus/plexus/plexus-interpolation/1.26/plexus-interpolation-1.26.jar:/home/tim-price/.m2/repository/org/apache/maven/maven-artifact/3.9.6/maven-artifact-3.9.6.jar:/home/tim-price/.m2/repository/org/apache/commons/commons-lang3/3.12.0/commons-lang3-3.12.0.jar:/home/tim-price/.m2/repository/org/apache/maven/maven-builder-support/3.9.6/maven-builder-support-3.9.6.jar:/home/tim-price/.m2/repository/org/eclipse/sisu/org.eclipse.sisu.inject/0.9.0.M2/org.eclipse.sisu.inject-0.9.0.M2.jar:/home/tim-price/.m2/repository/org/apache/maven/maven-repository-metadata/3.9.6/maven-repository-metadata-3.9.6.jar:/home/tim-price/.m2/repository/org/apache/maven/resolver/maven-resolver-api/1.9.18/maven-resolver-api-1.9.18.jar:/home/tim-price/.m2/repository/org/apache/maven/resolver/maven-resolver-spi/1.9.18/maven-resolver-spi-1.9.18.jar:/home/tim-price/.m2/repository/org/apache/maven/resolver/maven-resolver-util/1.9.18/maven-resolver-util-1.9.18.jar:/home/tim-price/.m2/repository/org/apache/maven/resolver/maven-resolver-impl/1.9.18/maven-resolver-impl-1.9.18.jar:/home/tim-price/.m2/repository/org/apache/maven/resolver/maven-resolver-named-locks/1.9.18/maven-resolver-named-locks-1.9.18.jar:/home/tim-price/.m2/repository/org/codehaus/plexus/plexus-utils/3.5.1/plexus-utils-3.5.1.jar:/home/tim-price/.m2/repository/javax/inject/javax.inject/1/javax.inject-1.jar:/home/tim-price/.m2/repository/org/jspecify/jspecify/1.0.0/jspecify-1.0.0.jar:/home/tim-price/.m2/repository/net/kyori/adventure-api/4.23.0/adventure-api-4.23.0.jar:/home/tim-price/.m2/repository/net/kyori/adventure-key/4.23.0/adventure-key-4.23.0.jar:/home/tim-price/.m2/repository/net/kyori/examination-api/1.3.0/examination-api-1.3.0.jar:/home/tim-price/.m2/repository/net/kyori/examination-string/1.3.0/examination-string-1.3.0.jar:/home/tim-price/.m2/repository/org/jetbrains/annotations/26.0.2/annotations-26.0.2.jar:/home/tim-price/.m2/repository/net/kyori/adventure-text-minimessage/4.23.0/adventure-text-minimessage-4.23.0.jar:/home/tim-price/.m2/repository/net/kyori/adventure-text-serializer-gson/4.23.0/adventure-text-serializer-gson-4.23.0.jar:/home/tim-price/.m2/repository/net/kyori/adventure-text-serializer-json/4.23.0/adventure-text-serializer-json-4.23.0.jar:/home/tim-price/.m2/repository/net/kyori/option/1.1.0/option-1.1.0.jar:/home/tim-price/.m2/repository/com/google/auto/service/auto-service-annotations/1.1.1/auto-service-annotations-1.1.1.jar:/home/tim-price/.m2/repository/net/kyori/adventure-text-serializer-commons/4.23.0/adventure-text-serializer-commons-4.23.0.jar:/home/tim-price/.m2/repository/net/kyori/adventure-text-serializer-legacy/4.23.0/adventure-text-serializer-legacy-4.23.0.jar:/home/tim-price/.m2/repository/net/kyori/adventure-text-serializer-plain/4.23.0/adventure-text-serializer-plain-4.23.0.jar:/home/tim-price/.m2/repository/net/kyori/adventure-text-logger-slf4j/4.23.0/adventure-text-logger-slf4j-4.23.0.jar:/home/tim-price/.m2/repository/org/checkerframework/checker-qual/3.49.2/checker-qual-3.49.2.jar:"/>
    <property name="java.vm.vendor" value="Red Hat, Inc."/>
    <property name="sun.arch.data.model" value="64"/>
    <property name="java.vendor.url" value="https://www.redhat.com/"/>
    <property name="os.name" value="Linux"/>
    <property name="java.vm.specification.version" value="21"/>
    <property name="sun.java.launcher" value="SUN_STANDARD"/>
    <property name="user.country" value="US"/>
    <property name="sun.boot.library.path" value="/usr/lib/jvm/java-21-openjdk/lib"/>
    <property name="sun.java.command" value="/home/tim-price/repos/usr-report/target/surefire/surefirebooter8472115290424196779.jar /home/tim-price/repos/usr-report/target/surefire 2025-06-28T15-53-13_351-jvmRun1 surefire15898583661249749792tmp surefire_07671286198729886669tmp"/>
    <property name="jdk.debug" value="release"/>
    <property name="surefire.test.class.path" value="/home/tim-price/repos/usr-report/target/test-classes:/home/tim-price/repos/usr-report/target/classes:/home/tim-price/.m2/repository/junit/junit/4.11/junit-4.11.jar:/home/tim-price/.m2/repository/org/hamcrest/hamcrest-core/1.3/hamcrest-core-1.3.jar:/home/tim-price/.m2/repository/io/papermc/paper/paper-api/1.21.6-R0.1-SNAPSHOT/paper-api-1.21.6-R0.1-SNAPSHOT.jar:/home/tim-price/.m2/repository/com/google/guava/guava/33.3.1-jre/guava-33.3.1-jre.jar:/home/tim-price/.m2/repository/com/google/guava/failureaccess/1.0.2/failureaccess-1.0.2.jar:/home/tim-price/.m2/repository/com/google/guava/listenablefuture/9999.0-empty-to-avoid-conflict-with-guava/listenablefuture-9999.0-empty-to-avoid-conflict-with-guava.jar:/home/tim-price/.m2/repository/com/google/code/findbugs/jsr305/3.0.2/jsr305-3.0.2.jar:/home/tim-price/.m2/repository/com/google/errorprone/error_prone_annotations/2.28.0/error_prone_annotations-2.28.0.jar:/home/tim-price/.m2/repository/com/google/j2objc/j2objc-annotations/3.0.0/j2objc-annotations-3.0.0.jar:/home/tim-price/.m2/repository/com/google/code/gson/gson/2.11.0/gson-2.11.0.jar:/home/tim-price/.m2/repository/org/yaml/snakeyaml/2.2/snakeyaml-2.2.jar:/home/tim-price/.m2/repository/org/joml/joml/1.10.8/joml-1.10.8.jar:/home/tim-price/.m2/repository/it/unimi/dsi/fastutil/8.5.15/fastutil-8.5.15.jar:/home/tim-price/.m2/repository/org/apache/logging/log4j/log4j-api/2.24.1/log4j-api-2.24.1.jar:/home/tim-price/.m2/repository/org/slf4j/slf4j-api/2.0.16/slf4j-api-2.0.16.jar:/home/tim-price/.m2/repository/com/mojang/brigadier/1.3.10/brigadier-1.3.10.jar:/home/tim-price/.m2/repository/net/md-5/bungeecord-chat/1.21-R0.2-deprecated+build.21/bungeecord-chat-1.21-R0.2-deprecated+build.21.jar:/home/tim-price/.m2/repository/org/apache/maven/maven-resolver-provider/3.9.6/maven-resolver-provider-3.9.6.jar:/home/tim-price/.m2/repository/org/apache/maven/maven-model/3.9.6/maven-model-3.9.6.jar:/home/tim-price/.m2/repository/org/apache/maven/maven-model-builder/3.9.6/maven-model-builder-3.9.6.jar:/home/tim-price/.m2/repository/org/codehaus/plexus/plexus-interpolation/1.26/plexus-interpolation-1.26.jar:/home/tim-price/.m2/repository/org/apache/maven/maven-artifact/3.9.6/maven-artifact-3.9.6.jar:/home/tim-price/.m2/repository/org/apache/commons/commons-lang3/3.12.0/commons-lang3-3.12.0.jar:/home/tim-price/.m2/repository/org/apache/maven/maven-builder-support/3.9.6/maven-builder-support-3.9.6.jar:/home/tim-price/.m2/repository/org/eclipse/sisu/org.eclipse.sisu.inject/0.9.0.M2/org.eclipse.sisu.inject-0.9.0.M2.jar:/home/tim-price/.m2/repository/org/apache/maven/maven-repository-metadata/3.9.6/maven-repository-metadata-3.9.6.jar:/home/tim-price/.m2/repository/org/apache/maven/resolver/maven-resolver-api/1.9.18/maven-resolver-api-1.9.18.jar:/home/tim-price/.m2/repository/org/apache/maven/resolver/maven-resolver-spi/1.9.18/maven-resolver-spi-1.9.18.jar:/home/tim-price/.m2/repository/org/apache/maven/resolver/maven-resolver-util/1.9.18/maven-resolver-util-1.9.18.jar:/home/tim-price/.m2/repository/org/apache/maven/resolver/maven-resolver-impl/1.9.18/maven-resolver-impl-1.9.18.jar:/home/tim-price/.m2/repository/org/apache/maven/resolver/maven-resolver-named-locks/1.9.18/maven-resolver-named-locks-1.9.18.jar:/home/tim-price/.m2/repository/org/codehaus/plexus/plexus-utils/3.5.1/plexus-utils-3.5.1.jar:/home/tim-price/.m2/repository/javax/inject/javax.inject/1/javax.inject-1.jar:/home/tim-price/.m2/repository/org/jspecify/jspecify/1.0.0/jspecify-1.0.0.jar:/home/tim-price/.m2/repository/net/kyori/adventure-api/4.23.0/adventure-api-4.23.0.jar:/home/tim-price/.m2/repository/net/kyori/adventure-key/4.23.0/adventure-key-4.23.0.jar:/home/tim-price/.m2/repository/net/kyori/examination-api/1.3.0/examination-api-1.3.0.jar:/home/tim-price/.m2/repository/net/kyori/examination-string/1.3.0/examination-string-1.3.0.jar:/home/tim-price/.m2/repository/org/jetbrains/annotations/26.0.2/annotations-26.0.2.jar:/home/tim-price/.m2/repository/net/kyori/adventure-text-minimessage/4.23.0/adventure-text-minimessage-4.23.0.jar:/home/tim-price/.m2/repository/net/kyori/adventure-text-serializer-gson/4.23.0/adventure-text-serializer-gson-4.23.0.jar:/home/tim-price/.m2/repository/net/kyori/adventure-text-serializer-json/4.23.0/adventure-text-serializer-json-4.23.0.jar:/home/tim-price/.m2/repository/net/kyori/option/1.1.0/option-1.1.0.jar:/home/tim-price/.m2/repository/com/google/auto/service/auto-service-annotations/1.1.1/auto-service-annotations-1.1.1.jar:/home/tim-price/.m2/repository/net/kyori/adventure-text-serializer-commons/4.23.0/adventure-text-serializer-commons-4.23.0.jar:/home/tim-price/.m2/repository/net/kyori/adventure-text-serializer-legacy/4.23.0/adventure-text-serializer-legacy-4.23.0.jar:/home/tim-price/.m2/repository/net/kyori/adventure-text-serializer-plain/4.23.0/adventure-text-serializer-plain-4.23.0.jar:/home/tim-price/.m2/repository/net/kyori/adventure-text-logger-slf4j/4.23.0/adventure-text-logger-slf4j-4.23.0.jar:/home/tim-price/.m2/repository/org/checkerframework/checker-qual/3.49.2/checker-qual-3.49.2.jar:"/>
    <property name="sun.cpu.endian" value="little"/>
    <property name="user.home" value="/home/tim-price"/>
    <property name="user.language" value="en"/>
    <property name="java.specification.vendor" value="Oracle Corporation"/>
    <property name="java.version.date" value="2025-04-15"/>
    <property name="java.home" value="/usr/lib/jvm/java-21-openjdk"/>
    <property name="file.separator" value="/"/>
    <property name="basedir" value="/home/tim-price/repos/usr-report"/>
    <property name="java.vm.compressedOopsMode" value="Zero based"/>
    <property name="line.separator" value="&#10;"/>
    <property name="java.specification.name" value="Java Platform API Specification"/>
    <property name="java.vm.specification.vendor" value="Oracle Corporation"/>
    <property name="surefire.real.class.path" value="/home/tim-price/repos/usr-report/target/surefire/surefirebooter8472115290424196779.jar"/>
    <property name="sun.management.compiler" value="HotSpot 64-Bit Tiered Compilers"/>
    <property name="java.runtime.version" value="21.0.7+6"/>
    <property name="user.name" value="tim-price"/>
    <property name="stdout.encoding" value="UTF-8"/>
    <property name="path.separator" value=":"/>
    <property name="os.version" value="6.14.6-200.fc41.x86_64"/>
    <property name="java.runtime.name" value="OpenJDK Runtime Environment"/>
    <property name="file.encoding" value="UTF-8"/>
    <property name="java.vm.name" value="OpenJDK 64-Bit Server VM"/>
    <property name="java.vendor.version" value="(Red_Hat-21.0.7.0.6-1)"/>
    <property name="localRepository" value="/home/tim-price/.m2/repository"/>
    <property name="java.vendor.url.bug" value="https://bugzilla.redhat.com/enter_bug.cgi?product=Fedora&amp;component=java-21-openjdk&amp;version=40"/>
    <property name="java.io.tmpdir" value="/tmp"/>
    <property name="java.version" value="21.0.7"/>
    <property name="user.dir" value="/home/tim-price/repos/usr-report"/>
    <property name="os.arch" value="amd64"/>
    <property name="java.vm.specification.name" value="Java Virtual Machine Specification"/>
    <property name="native.encoding" value="UTF-8"/>
    <property name="java.library.path" value="/usr/java/packages/lib:/usr/lib64:/lib64:/lib:/usr/lib"/>
    <property name="java.vm.info" value="mixed mode, sharing"/>
    <property name="stderr.encoding" value="UTF-8"/>
    <property name="java.vendor" value="Red Hat, Inc."/>
    <property name="java.vm.version" value="21.0.7+6"/>
    <property name="sun.io.unicode.encoding" value="UnicodeLittle"/>
    <property name="java.class.version" value="65.0"/>
  </properties>
  <testcase name="shouldAnswerWithTrue" classname="com.price.usrreport.AppTest" time="0.002"/>
</testsuite>